# JRE version: OpenJDK Runtime Environment (8.0_242-b01) (build 1.8.0_242-release-1644-b01)
# Java VM: OpenJDK 64-Bit Server VM (25.242-b01 mixed mode windows-amd64 compressed oops)
Heap:
 PSYoungGen      total 161280K, used 12069K [0x00000000d5580000, 0x00000000e0c80000, 0x0000000100000000)
  eden space 149504K, 8% used [0x00000000d5580000,0x00000000d61495d8,0x00000000de780000)
  from space 11776K, 0% used [0x00000000df580000,0x00000000df580000,0x00000000e0100000)
  to   space 7680K, 0% used [0x00000000e0500000,0x00000000e0500000,0x00000000e0c80000)
 ParOldGen       total 78848K, used 23607K [0x0000000080000000, 0x0000000084d00000, 0x00000000d5580000)
  object space 78848K, 29% used [0x0000000080000000,0x000000008170de58,0x0000000084d00000)
 Metaspace       used 44342K, capacity 46138K, committed 46680K, reserved 1091584K
  class space    used 6016K, capacity 6407K, committed 6528K, reserved 1048576K
GC Heap History (10 events):
Event: 5.332 GC heap before
{Heap before GC invocations=10 (full 1):
 PSYoungGen      total 124416K, used 42124K [0x00000000d5580000, 0x00000000dde00000, 0x0000000100000000)
  eden space 113152K, 28% used [0x00000000d5580000,0x00000000d7502728,0x00000000dc400000)
  from space 11264K, 87% used [0x00000000dd000000,0x00000000dd9a0b18,0x00000000ddb00000)
  to   space 12288K, 0% used [0x00000000dc400000,0x00000000dc400000,0x00000000dd000000)
 ParOldGen       total 55296K, used 9300K [0x0000000080000000, 0x0000000083600000, 0x00000000d5580000)
  object space 55296K, 16% used [0x0000000080000000,0x00000000809151f0,0x0000000083600000)
 Metaspace       used 34250K, capacity 35392K, committed 35416K, reserved 1079296K
  class space    used 4712K, capacity 4973K, committed 4992K, reserved 1048576K
Event: 5.339 GC heap after
Heap after GC invocations=10 (full 1):
 PSYoungGen      total 125440K, used 8936K [0x00000000d5580000, 0x00000000e1100000, 0x0000000100000000)
  eden space 113152K, 0% used [0x00000000d5580000,0x00000000d5580000,0x00000000dc400000)
  from space 12288K, 72% used [0x00000000dc400000,0x00000000dccba140,0x00000000dd000000)
  to   space 12288K, 0% used [0x00000000e0500000,0x00000000e0500000,0x00000000e1100000)
 ParOldGen       total 55296K, used 9308K [0x0000000080000000, 0x0000000083600000, 0x00000000d5580000)
  object space 55296K, 16% used [0x0000000080000000,0x00000000809171f0,0x0000000083600000)
 Metaspace       used 34250K, capacity 35392K, committed 35416K, reserved 1079296K
  class space    used 4712K, capacity 4973K, committed 4992K, reserved 1048576K
}
Event: 5.339 GC heap before
{Heap before GC invocations=11 (full 2):
 PSYoungGen      total 125440K, used 8936K [0x00000000d5580000, 0x00000000e1100000, 0x0000000100000000)
  eden space 113152K, 0% used [0x00000000d5580000,0x00000000d5580000,0x00000000dc400000)
  from space 12288K, 72% used [0x00000000dc400000,0x00000000dccba140,0x00000000dd000000)
  to   space 12288K, 0% used [0x00000000e0500000,0x00000000e0500000,0x00000000e1100000)
 ParOldGen       total 55296K, used 9308K [0x0000000080000000, 0x0000000083600000, 0x00000000d5580000)
  object space 55296K, 16% used [0x0000000080000000,0x00000000809171f0,0x0000000083600000)
 Metaspace       used 34250K, capacity 35392K, committed 35416K, reserved 1079296K
  class space    used 4712K, capacity 4973K, committed 4992K, reserved 1048576K
Event: 5.368 GC heap after
Heap after GC invocations=11 (full 2):
 PSYoungGen      total 125440K, used 0K [0x00000000d5580000, 0x00000000e1100000, 0x0000000100000000)
  eden space 113152K, 0% used [0x00000000d5580000,0x00000000d5580000,0x00000000dc400000)
  from space 12288K, 0% used [0x00000000dc400000,0x00000000dc400000,0x00000000dd000000)
  to   space 12288K, 0% used [0x00000000e0500000,0x00000000e0500000,0x00000000e1100000)
 ParOldGen       total 78848K, used 15483K [0x0000000080000000, 0x0000000084d00000, 0x00000000d5580000)
  object space 78848K, 19% used [0x0000000080000000,0x0000000080f1eec0,0x0000000084d00000)
 Metaspace       used 34250K, capacity 35392K, committed 35416K, reserved 1079296K
  class space    used 4712K, capacity 4973K, committed 4992K, reserved 1048576K
}
Event: 8.197 GC heap before
{Heap before GC invocations=12 (full 2):
 PSYoungGen      total 125440K, used 113152K [0x00000000d5580000, 0x00000000e1100000, 0x0000000100000000)
  eden space 113152K, 100% used [0x00000000d5580000,0x00000000dc400000,0x00000000dc400000)
  from space 12288K, 0% used [0x00000000dc400000,0x00000000dc400000,0x00000000dd000000)
  to   space 12288K, 0% used [0x00000000e0500000,0x00000000e0500000,0x00000000e1100000)
 ParOldGen       total 78848K, used 15483K [0x0000000080000000, 0x0000000084d00000, 0x00000000d5580000)
  object space 78848K, 19% used [0x0000000080000000,0x0000000080f1eec0,0x0000000084d00000)
 Metaspace       used 37258K, capacity 38988K, committed 39256K, reserved 1083392K
  class space    used 5133K, capacity 5477K, committed 5504K, reserved 1048576K
Event: 8.205 GC heap after
Heap after GC invocations=12 (full 2):
 PSYoungGen      total 157184K, used 7213K [0x00000000d5580000, 0x00000000e0c80000, 0x0000000100000000)
  eden space 149504K, 0% used [0x00000000d5580000,0x00000000d5580000,0x00000000de780000)
  from space 7680K, 93% used [0x00000000e0500000,0x00000000e0c0b518,0x00000000e0c80000)
  to   space 11776K, 0% used [0x00000000df580000,0x00000000df580000,0x00000000e0100000)
 ParOldGen       total 78848K, used 15491K [0x0000000080000000, 0x0000000084d00000, 0x00000000d5580000)
  object space 78848K, 19% used [0x0000000080000000,0x0000000080f20ec0,0x0000000084d00000)
 Metaspace       used 37258K, capacity 38988K, committed 39256K, reserved 1083392K
  class space    used 5133K, capacity 5477K, committed 5504K, reserved 1048576K
}
Event: 8.952 GC heap before
{Heap before GC invocations=13 (full 2):
 PSYoungGen      total 157184K, used 57621K [0x00000000d5580000, 0x00000000e0c80000, 0x0000000100000000)
  eden space 149504K, 33% used [0x00000000d5580000,0x00000000d86ba058,0x00000000de780000)
  from space 7680K, 93% used [0x00000000e0500000,0x00000000e0c0b518,0x00000000e0c80000)
  to   space 11776K, 0% used [0x00000000df580000,0x00000000df580000,0x00000000e0100000)
 ParOldGen       total 78848K, used 15491K [0x0000000080000000, 0x0000000084d00000, 0x00000000d5580000)
  object space 78848K, 19% used [0x0000000080000000,0x0000000080f20ec0,0x0000000084d00000)
 Metaspace       used 43567K, capacity 45540K, committed 45784K, reserved 1093632K
  class space    used 5906K, capacity 6280K, committed 6400K, reserved 1048576K
Event: 8.962 GC heap after
Heap after GC invocations=13 (full 2):
 PSYoungGen      total 161280K, used 6420K [0x00000000d5580000, 0x00000000e0c80000, 0x0000000100000000)
  eden space 149504K, 0% used [0x00000000d5580000,0x00000000d5580000,0x00000000de780000)
  from space 11776K, 54% used [0x00000000df580000,0x00000000dfbc5330,0x00000000e0100000)
  to   space 7680K, 0% used [0x00000000e0500000,0x00000000e0500000,0x00000000e0c80000)
 ParOldGen       total 78848K, used 19970K [0x0000000080000000, 0x0000000084d00000, 0x00000000d5580000)
  object space 78848K, 25% used [0x0000000080000000,0x00000000813809f8,0x0000000084d00000)
 Metaspace       used 43567K, capacity 45540K, committed 45784K, reserved 1093632K
  class space    used 5906K, capacity 6280K, committed 6400K, reserved 1048576K
}
Event: 8.962 GC heap before
{Heap before GC invocations=14 (full 3):
 PSYoungGen      total 161280K, used 6420K [0x00000000d5580000, 0x00000000e0c80000, 0x0000000100000000)
  eden space 149504K, 0% used [0x00000000d5580000,0x00000000d5580000,0x00000000de780000)
  from space 11776K, 54% used [0x00000000df580000,0x00000000dfbc5330,0x00000000e0100000)
  to   space 7680K, 0% used [0x00000000e0500000,0x00000000e0500000,0x00000000e0c80000)
 ParOldGen       total 78848K, used 19970K [0x0000000080000000, 0x0000000084d00000, 0x00000000d5580000)
  object space 78848K, 25% used [0x0000000080000000,0x00000000813809f8,0x0000000084d00000)
 Metaspace       used 43567K, capacity 45540K, committed 45784K, reserved 1093632K
  class space    used 5906K, capacity 6280K, committed 6400K, reserved 1048576K
Event: 9.129 GC heap after
Heap after GC invocations=14 (full 3):
 PSYoungGen      total 161280K, used 0K [0x00000000d5580000, 0x00000000e0c80000, 0x0000000100000000)
  eden space 149504K, 0% used [0x00000000d5580000,0x00000000d5580000,0x00000000de780000)
  from space 11776K, 0% used [0x00000000df580000,0x00000000df580000,0x00000000e0100000)
  to   space 7680K, 0% used [0x00000000e0500000,0x00000000e0500000,0x00000000e0c80000)
 ParOldGen       total 78848K, used 23607K [0x0000000080000000, 0x0000000084d00000, 0x00000000d5580000)
  object space 78848K, 29% used [0x0000000080000000,0x000000008170de58,0x0000000084d00000)
 Metaspace       used 43491K, capacity 45282K, committed 45784K, reserved 1091584K
  class space    used 5882K, capacity 6237K, committed 6400K, reserved 1048576K
}

